<?xml version="1.0" encoding="UTF-8"?>
<TestRun id="493dc930-abdd-44d3-92d4-dda956f401ef" name="nedorubasi@NEDORUBASI-8 2018-05-21 21:29:37" runUser="KESK\nedorubasi" xmlns="http://microsoft.com/schemas/VisualStudio/TeamTest/2006">
  <TestRunConfiguration name="Локальный тестовый запуск" id="7177af1a-4b70-4d1c-9027-ac0f3d784f51">
    <Description>Конфигурация по умолчанию для локального тестового запуска.</Description>
    <Deployment runDeploymentRoot="C:\Projects\Sorting_Array\Test_Sorting_Array\bin\Release\TestResults\nedorubasi_NEDORUBASI-8 2018-05-21 21_29_37" />
    <TestTypeSpecific />
  </TestRunConfiguration>
  <ResultSummary outcome="Failed">
    <Counters total="2" executed="2" passed="1" error="0" failed="1" timeout="0" aborted="0" inconclusive="0" passedButRunAborted="0" notRunnable="0" notExecuted="0" disconnected="0" warning="0" completed="0" inProgress="0" pending="0" />
  </ResultSummary>
  <Times creation="2018-05-21T21:29:37.8283447+03:00" queuing="2018-05-21T21:29:40.0635893+03:00" start="2018-05-21T21:29:40.1653814+03:00" finish="2018-05-21T21:29:40.4017069+03:00" />
  <TestDefinitions>
    <UnitTest name="TestSortingArray" storage="c:\projects\sorting_array\test_sorting_array\bin\release\test_sorting_array.dll" id="d2f86e04-4bcf-394b-86d4-bcd111620215">
      <Css projectStructure="" iteration="" />
      <Execution timeOut="1800000" id="c1a36aa9-292b-4110-b278-00cb5efdc2fe" />
      <Owners>
        <Owner name="" />
      </Owners>
      <TestMethod codeBase="C:/Projects/Sorting_Array/Test_Sorting_Array/bin/Release/Test_Sorting_Array.DLL" adapterTypeName="Microsoft.VisualStudio.TestTools.TestTypes.Unit.UnitTestAdapter, Microsoft.VisualStudio.QualityTools.Tips.UnitTest.Adapter" className="Test_Sorting_Array.UnitTest1, Test_Sorting_Array, Version=1.0.0.0, Culture=neutral, PublicKeyToken=null" name="TestSortingArray" />
    </UnitTest>
    <UnitTest name="TestSortingArrayBad" storage="c:\projects\sorting_array\test_sorting_array\bin\release\test_sorting_array.dll" id="bdcd4457-3d9f-02f5-d0c6-a2329c8169b6">
      <Css projectStructure="" iteration="" />
      <Execution timeOut="1800000" id="943fdeb7-b77a-492b-a6ad-2accd029d4b1" />
      <Owners>
        <Owner name="" />
      </Owners>
      <TestMethod codeBase="C:/Projects/Sorting_Array/Test_Sorting_Array/bin/Release/Test_Sorting_Array.DLL" adapterTypeName="Microsoft.VisualStudio.TestTools.TestTypes.Unit.UnitTestAdapter, Microsoft.VisualStudio.QualityTools.Tips.UnitTest.Adapter" className="Test_Sorting_Array.UnitTest1, Test_Sorting_Array, Version=1.0.0.0, Culture=neutral, PublicKeyToken=null" name="TestSortingArrayBad" />
    </UnitTest>
  </TestDefinitions>
  <TestLists>
    <TestList name="Отсутствующие в списке результаты" id="8c84fa94-04c1-424b-9868-57a2d4851a1d" />
    <TestList name="Все загруженные результаты" id="19431567-8539-422a-85d7-44ee4e166bda" />
  </TestLists>
  <TestEntries>
    <TestEntry testId="d2f86e04-4bcf-394b-86d4-bcd111620215" executionId="c1a36aa9-292b-4110-b278-00cb5efdc2fe" testListId="8c84fa94-04c1-424b-9868-57a2d4851a1d" />
    <TestEntry testId="bdcd4457-3d9f-02f5-d0c6-a2329c8169b6" executionId="943fdeb7-b77a-492b-a6ad-2accd029d4b1" testListId="8c84fa94-04c1-424b-9868-57a2d4851a1d" />
  </TestEntries>
  <Results>
    <UnitTestResult executionId="c1a36aa9-292b-4110-b278-00cb5efdc2fe" testId="d2f86e04-4bcf-394b-86d4-bcd111620215" testName="TestSortingArray" computerName="NEDORUBASI-8" duration="00:00:00.0429014" startTime="2018-05-21T21:29:40.2324079+03:00" endTime="2018-05-21T21:29:40.3170540+03:00" testType="13cdc9d9-ddb5-4fa4-a97d-d965ccfc6d4b" outcome="Failed" testListId="8c84fa94-04c1-424b-9868-57a2d4851a1d">
      <Output>
        <ErrorInfo>
          <Message>Ошибка в Assert.AreEqual. Ожидается: &lt;6&gt;. Фактически: &lt;0&gt;. При обработке карточек произошла ошибка!
Необходимо пересмотреть маршрут путешествия!</Message>
          <StackTrace>   в Test_Sorting_Array.UnitTest1.TestSortingArray() в C:\Projects\Sorting_Array\Test_Sorting_Array\UnitTest1.cs:строка 69
</StackTrace>
        </ErrorInfo>
      </Output>
    </UnitTestResult>
    <UnitTestResult executionId="943fdeb7-b77a-492b-a6ad-2accd029d4b1" testId="bdcd4457-3d9f-02f5-d0c6-a2329c8169b6" testName="TestSortingArrayBad" computerName="NEDORUBASI-8" duration="00:00:00.0004137" startTime="2018-05-21T21:29:40.3326781+03:00" endTime="2018-05-21T21:29:40.3483050+03:00" testType="13cdc9d9-ddb5-4fa4-a97d-d965ccfc6d4b" outcome="Passed" testListId="8c84fa94-04c1-424b-9868-57a2d4851a1d">
      <Output>
      </Output>
    </UnitTestResult>
  </Results>
</TestRun>