<?xml version="1.0" encoding="UTF-8"?>
<TestRun id="4bfc118d-2ead-49eb-bcb9-3ae95e1c4012" name="nedorubasi@NEDORUBASI-8 2018-05-21 21:28:59" runUser="KESK\nedorubasi" xmlns="http://microsoft.com/schemas/VisualStudio/TeamTest/2006">
  <TestRunConfiguration name="Локальный тестовый запуск" id="7177af1a-4b70-4d1c-9027-ac0f3d784f51">
    <Description>Конфигурация по умолчанию для локального тестового запуска.</Description>
    <Deployment runDeploymentRoot="C:\Projects\Sorting_Array\Test_Sorting_Array\bin\Release\TestResults\nedorubasi_NEDORUBASI-8 2018-05-21 21_28_59" />
    <TestTypeSpecific />
  </TestRunConfiguration>
  <ResultSummary outcome="Failed">
    <Counters total="2" executed="2" passed="1" error="0" failed="1" timeout="0" aborted="0" inconclusive="0" passedButRunAborted="0" notRunnable="0" notExecuted="0" disconnected="0" warning="0" completed="0" inProgress="0" pending="0" />
  </ResultSummary>
  <Times creation="2018-05-21T21:28:59.2438056+03:00" queuing="2018-05-21T21:28:59.7201827+03:00" start="2018-05-21T21:28:59.8186115+03:00" finish="2018-05-21T21:29:00.0675213+03:00" />
  <TestDefinitions>
    <UnitTest name="TestSortingArray" storage="c:\projects\sorting_array\test_sorting_array\bin\release\test_sorting_array.dll" id="d2f86e04-4bcf-394b-86d4-bcd111620215">
      <Css projectStructure="" iteration="" />
      <Execution timeOut="1800000" id="d2a0b82c-dddf-4b01-81aa-b844380382fb" />
      <Owners>
        <Owner name="" />
      </Owners>
      <TestMethod codeBase="C:/Projects/Sorting_Array/Test_Sorting_Array/bin/Release/Test_Sorting_Array.DLL" adapterTypeName="Microsoft.VisualStudio.TestTools.TestTypes.Unit.UnitTestAdapter, Microsoft.VisualStudio.QualityTools.Tips.UnitTest.Adapter" className="Test_Sorting_Array.UnitTest1, Test_Sorting_Array, Version=1.0.0.0, Culture=neutral, PublicKeyToken=null" name="TestSortingArray" />
    </UnitTest>
    <UnitTest name="TestSortingArrayBad" storage="c:\projects\sorting_array\test_sorting_array\bin\release\test_sorting_array.dll" id="bdcd4457-3d9f-02f5-d0c6-a2329c8169b6">
      <Css projectStructure="" iteration="" />
      <Execution timeOut="1800000" id="2a971be4-b511-48fd-90f6-1004e1dc1ec9" />
      <Owners>
        <Owner name="" />
      </Owners>
      <TestMethod codeBase="C:/Projects/Sorting_Array/Test_Sorting_Array/bin/Release/Test_Sorting_Array.DLL" adapterTypeName="Microsoft.VisualStudio.TestTools.TestTypes.Unit.UnitTestAdapter, Microsoft.VisualStudio.QualityTools.Tips.UnitTest.Adapter" className="Test_Sorting_Array.UnitTest1, Test_Sorting_Array, Version=1.0.0.0, Culture=neutral, PublicKeyToken=null" name="TestSortingArrayBad" />
    </UnitTest>
  </TestDefinitions>
  <TestLists>
    <TestList name="Отсутствующие в списке результаты" id="8c84fa94-04c1-424b-9868-57a2d4851a1d" />
    <TestList name="Все загруженные результаты" id="19431567-8539-422a-85d7-44ee4e166bda" />
  </TestLists>
  <TestEntries>
    <TestEntry testId="d2f86e04-4bcf-394b-86d4-bcd111620215" executionId="d2a0b82c-dddf-4b01-81aa-b844380382fb" testListId="8c84fa94-04c1-424b-9868-57a2d4851a1d" />
    <TestEntry testId="bdcd4457-3d9f-02f5-d0c6-a2329c8169b6" executionId="2a971be4-b511-48fd-90f6-1004e1dc1ec9" testListId="8c84fa94-04c1-424b-9868-57a2d4851a1d" />
  </TestEntries>
  <Results>
    <UnitTestResult executionId="d2a0b82c-dddf-4b01-81aa-b844380382fb" testId="d2f86e04-4bcf-394b-86d4-bcd111620215" testName="TestSortingArray" computerName="NEDORUBASI-8" duration="00:00:00.0580592" startTime="2018-05-21T21:28:59.8876208+03:00" endTime="2018-05-21T21:28:59.9878830+03:00" testType="13cdc9d9-ddb5-4fa4-a97d-d965ccfc6d4b" outcome="Failed" testListId="8c84fa94-04c1-424b-9868-57a2d4851a1d">
      <Output>
        <ErrorInfo>
          <Message>Ошибка в Assert.AreEqual. Ожидается: &lt;6&gt;. Фактически: &lt;0&gt;. При обработке карточек произошла ошибка!
Необходимо пересмотреть маршрут путешествия!</Message>
          <StackTrace>   в Test_Sorting_Array.UnitTest1.TestSortingArray() в C:\Projects\Sorting_Array\Test_Sorting_Array\UnitTest1.cs:строка 69
</StackTrace>
        </ErrorInfo>
      </Output>
    </UnitTestResult>
    <UnitTestResult executionId="2a971be4-b511-48fd-90f6-1004e1dc1ec9" testId="bdcd4457-3d9f-02f5-d0c6-a2329c8169b6" testName="TestSortingArrayBad" computerName="NEDORUBASI-8" duration="00:00:00.0003055" startTime="2018-05-21T21:29:00.0035101+03:00" endTime="2018-05-21T21:29:00.0191361+03:00" testType="13cdc9d9-ddb5-4fa4-a97d-d965ccfc6d4b" outcome="Passed" testListId="8c84fa94-04c1-424b-9868-57a2d4851a1d">
      <Output>
      </Output>
    </UnitTestResult>
  </Results>
</TestRun>